2022-11-09 14:28:57,245 DEBUG    root            Loaded Command Group: ['gcloud', 'components']
2022-11-09 14:28:57,248 DEBUG    root            Loaded Command Group: ['gcloud', 'components', 'update']
2022-11-09 14:28:57,250 DEBUG    root            Running [gcloud.components.update] with arguments: [--quiet: "True", COMPONENT-IDS:8: "['gcloud', 'core', 'bq', 'gsutil', 'compute', 'preview', 'alpha', 'beta']"]
2022-11-09 14:28:57,259 INFO     ___FILE_ONLY___ Beginning update. This process may take several minutes.

2022-11-09 14:28:57,266 DEBUG    urllib3.connectionpool Starting new HTTPS connection (1): dl.google.com:443
2022-11-09 14:28:57,357 DEBUG    urllib3.connectionpool https://dl.google.com:443 "GET /dl/cloudsdk/channels/rapid/components-2.json HTTP/1.1" 200 203446
2022-11-09 14:28:57,377 WARNING  root            Component [preview] no longer exists.
2022-11-09 14:28:57,377 WARNING  root            Component [compute] no longer exists.
2022-11-09 14:28:57,378 INFO     ___FILE_ONLY___ 

2022-11-09 14:28:57,379 INFO     ___FILE_ONLY___ 
Your current Google Cloud CLI version is: 409.0.0

2022-11-09 14:28:57,379 INFO     ___FILE_ONLY___ Installing components from version: 409.0.0

2022-11-09 14:28:57,379 INFO     ___FILE_ONLY___ 

2022-11-09 14:28:57,382 INFO     ___FILE_ONLY___ ┌──────────────────────────────────────────────┐
2022-11-09 14:28:57,383 INFO     ___FILE_ONLY___ 

2022-11-09 14:28:57,383 INFO     ___FILE_ONLY___ │     These components will be installed.      │
2022-11-09 14:28:57,383 INFO     ___FILE_ONLY___ 

2022-11-09 14:28:57,383 INFO     ___FILE_ONLY___ ├───────────────────────┬────────────┬─────────┤
2022-11-09 14:28:57,383 INFO     ___FILE_ONLY___ 

2022-11-09 14:28:57,383 INFO     ___FILE_ONLY___ │          Name         │  Version   │   Size  │
2022-11-09 14:28:57,383 INFO     ___FILE_ONLY___ 

2022-11-09 14:28:57,384 INFO     ___FILE_ONLY___ ├───────────────────────┼────────────┼─────────┤
2022-11-09 14:28:57,384 INFO     ___FILE_ONLY___ 

2022-11-09 14:28:57,384 INFO     ___FILE_ONLY___ │ 
2022-11-09 14:28:57,384 INFO     ___FILE_ONLY___ gcloud Alpha Commands
2022-11-09 14:28:57,384 INFO     ___FILE_ONLY___  
2022-11-09 14:28:57,384 INFO     ___FILE_ONLY___ │ 
2022-11-09 14:28:57,384 INFO     ___FILE_ONLY___ 2022.11.04
2022-11-09 14:28:57,385 INFO     ___FILE_ONLY___  
2022-11-09 14:28:57,385 INFO     ___FILE_ONLY___ │ 
2022-11-09 14:28:57,385 INFO     ___FILE_ONLY___ < 1 MiB
2022-11-09 14:28:57,385 INFO     ___FILE_ONLY___  
2022-11-09 14:28:57,385 INFO     ___FILE_ONLY___ │
2022-11-09 14:28:57,385 INFO     ___FILE_ONLY___ 

2022-11-09 14:28:57,386 INFO     ___FILE_ONLY___ │ 
2022-11-09 14:28:57,386 INFO     ___FILE_ONLY___ gcloud Beta Commands 
2022-11-09 14:28:57,386 INFO     ___FILE_ONLY___  
2022-11-09 14:28:57,386 INFO     ___FILE_ONLY___ │ 
2022-11-09 14:28:57,386 INFO     ___FILE_ONLY___ 2022.11.04
2022-11-09 14:28:57,386 INFO     ___FILE_ONLY___  
2022-11-09 14:28:57,386 INFO     ___FILE_ONLY___ │ 
2022-11-09 14:28:57,386 INFO     ___FILE_ONLY___ < 1 MiB
2022-11-09 14:28:57,387 INFO     ___FILE_ONLY___  
2022-11-09 14:28:57,387 INFO     ___FILE_ONLY___ │
2022-11-09 14:28:57,387 INFO     ___FILE_ONLY___ 

2022-11-09 14:28:57,387 INFO     ___FILE_ONLY___ └───────────────────────┴────────────┴─────────┘
2022-11-09 14:28:57,387 INFO     ___FILE_ONLY___ 

2022-11-09 14:28:57,387 INFO     ___FILE_ONLY___ 

2022-11-09 14:28:57,390 DEBUG    urllib3.connectionpool Starting new HTTPS connection (1): dl.google.com:443
2022-11-09 14:28:57,478 DEBUG    urllib3.connectionpool https://dl.google.com:443 "GET /dl/cloudsdk/channels/rapid/RELEASE_NOTES HTTP/1.1" 200 896526
2022-11-09 14:28:57,550 INFO     ___FILE_ONLY___ For the latest full release notes, please visit:
  https://cloud.google.com/sdk/release_notes


2022-11-09 14:28:57,557 INFO     ___FILE_ONLY___ ╔════════════════════════════════════════════════════════════╗

2022-11-09 14:28:57,558 INFO     ___FILE_ONLY___ ╠═ Creating update staging area                             ═╣

2022-11-09 14:28:57,558 INFO     ___FILE_ONLY___ ╚
2022-11-09 14:28:57,558 INFO     ___FILE_ONLY___ ══════
2022-11-09 14:28:58,800 INFO     ___FILE_ONLY___ ══════
2022-11-09 14:28:58,801 INFO     ___FILE_ONLY___ ══════
2022-11-09 14:28:59,286 INFO     ___FILE_ONLY___ ═
2022-11-09 14:28:59,453 INFO     ___FILE_ONLY___ ═
2022-11-09 14:28:59,619 INFO     ___FILE_ONLY___ ═
2022-11-09 14:28:59,688 INFO     ___FILE_ONLY___ ═
2022-11-09 14:28:59,762 INFO     ___FILE_ONLY___ ═
2022-11-09 14:28:59,865 INFO     ___FILE_ONLY___ ═
2022-11-09 14:28:59,935 INFO     ___FILE_ONLY___ ═
2022-11-09 14:29:00,121 INFO     ___FILE_ONLY___ ═
2022-11-09 14:29:00,606 INFO     ___FILE_ONLY___ ═
2022-11-09 14:29:00,796 INFO     ___FILE_ONLY___ ═
2022-11-09 14:29:01,141 INFO     ___FILE_ONLY___ ═
2022-11-09 14:29:01,279 INFO     ___FILE_ONLY___ ═
2022-11-09 14:29:01,401 INFO     ___FILE_ONLY___ ═
2022-11-09 14:29:01,590 INFO     ___FILE_ONLY___ ═
2022-11-09 14:29:01,694 INFO     ___FILE_ONLY___ ═
2022-11-09 14:29:01,816 INFO     ___FILE_ONLY___ ═
2022-11-09 14:29:01,952 INFO     ___FILE_ONLY___ ═
2022-11-09 14:29:02,042 INFO     ___FILE_ONLY___ ═
2022-11-09 14:29:02,197 INFO     ___FILE_ONLY___ ═
2022-11-09 14:29:02,325 INFO     ___FILE_ONLY___ ═
2022-11-09 14:29:02,453 INFO     ___FILE_ONLY___ ═
2022-11-09 14:29:02,570 INFO     ___FILE_ONLY___ ═
2022-11-09 14:29:02,701 INFO     ___FILE_ONLY___ ═
2022-11-09 14:29:02,958 INFO     ___FILE_ONLY___ ═
2022-11-09 14:29:03,093 INFO     ___FILE_ONLY___ ═
2022-11-09 14:29:03,250 INFO     ___FILE_ONLY___ ═
2022-11-09 14:29:03,425 INFO     ___FILE_ONLY___ ═
2022-11-09 14:29:03,618 INFO     ___FILE_ONLY___ ═
2022-11-09 14:29:03,746 INFO     ___FILE_ONLY___ ═
2022-11-09 14:29:03,916 INFO     ___FILE_ONLY___ ═
2022-11-09 14:29:04,049 INFO     ___FILE_ONLY___ ═
2022-11-09 14:29:04,185 INFO     ___FILE_ONLY___ ═
2022-11-09 14:29:04,420 INFO     ___FILE_ONLY___ ═
2022-11-09 14:29:04,519 INFO     ___FILE_ONLY___ ═
2022-11-09 14:29:04,635 INFO     ___FILE_ONLY___ ═
2022-11-09 14:29:04,738 INFO     ___FILE_ONLY___ ═
2022-11-09 14:29:04,861 INFO     ___FILE_ONLY___ ═
2022-11-09 14:29:04,977 INFO     ___FILE_ONLY___ ═
2022-11-09 14:29:05,073 INFO     ___FILE_ONLY___ ═
2022-11-09 14:29:05,198 INFO     ___FILE_ONLY___ ═
2022-11-09 14:29:05,349 INFO     ___FILE_ONLY___ ═
2022-11-09 14:29:05,516 INFO     ___FILE_ONLY___ ═
2022-11-09 14:29:05,516 INFO     ___FILE_ONLY___ ╝

2022-11-09 14:29:11,626 INFO     ___FILE_ONLY___ ╔════════════════════════════════════════════════════════════╗

2022-11-09 14:29:11,626 INFO     ___FILE_ONLY___ ╠═ Installing: gcloud Alpha Commands                        ═╣

2022-11-09 14:29:11,626 INFO     ___FILE_ONLY___ ╚
2022-11-09 14:29:11,631 DEBUG    urllib3.connectionpool Starting new HTTPS connection (1): dl.google.com:443
2022-11-09 14:29:11,658 DEBUG    urllib3.connectionpool https://dl.google.com:443 "GET /dl/cloudsdk/channels/rapid/components/google-cloud-sdk-alpha-20221104233933.tar.gz HTTP/1.1" 200 800
2022-11-09 14:29:11,659 INFO     ___FILE_ONLY___ ══════════════════════════════
2022-11-09 14:29:11,661 INFO     ___FILE_ONLY___ ══════════════════════════════
2022-11-09 14:29:11,662 INFO     ___FILE_ONLY___ ╝

2022-11-09 14:29:11,675 INFO     ___FILE_ONLY___ ╔════════════════════════════════════════════════════════════╗

2022-11-09 14:29:11,675 INFO     ___FILE_ONLY___ ╠═ Installing: gcloud Beta Commands                         ═╣

2022-11-09 14:29:11,675 INFO     ___FILE_ONLY___ ╚
2022-11-09 14:29:11,680 DEBUG    urllib3.connectionpool Starting new HTTPS connection (1): dl.google.com:443
2022-11-09 14:29:11,765 DEBUG    urllib3.connectionpool https://dl.google.com:443 "GET /dl/cloudsdk/channels/rapid/components/google-cloud-sdk-beta-20221104233933.tar.gz HTTP/1.1" 200 797
2022-11-09 14:29:11,766 INFO     ___FILE_ONLY___ ══════════════════════════════
2022-11-09 14:29:11,767 INFO     ___FILE_ONLY___ ══════════════════════════════
2022-11-09 14:29:11,767 INFO     ___FILE_ONLY___ ╝

2022-11-09 14:29:11,781 INFO     ___FILE_ONLY___ ╔════════════════════════════════════════════════════════════╗

2022-11-09 14:29:11,781 INFO     ___FILE_ONLY___ ╠═ Creating backup and activating new installation          ═╣

2022-11-09 14:29:11,781 INFO     ___FILE_ONLY___ ╚
2022-11-09 14:29:11,782 DEBUG    root            Attempting to move directory [/tools/google-cloud-sdk] to [/tools/google-cloud-sdk.staging/.install/.backup]
2022-11-09 14:29:11,782 INFO     ___FILE_ONLY___ ══════════════════════════════
2022-11-09 14:29:11,782 DEBUG    root            Attempting to move directory [/tools/google-cloud-sdk.staging] to [/tools/google-cloud-sdk]
2022-11-09 14:29:11,782 INFO     ___FILE_ONLY___ ══════════════════════════════
2022-11-09 14:29:11,782 INFO     ___FILE_ONLY___ ╝

2022-11-09 14:29:11,788 DEBUG    root            Updating notification cache...
2022-11-09 14:29:11,789 INFO     ___FILE_ONLY___ 

2022-11-09 14:29:11,796 INFO     ___FILE_ONLY___ Performing post processing steps...
2022-11-09 14:29:11,797 DEBUG    root            Executing command: ['python3', '-S', '/tools/google-cloud-sdk/lib/gcloud.py', 'components', 'post-process']
2022-11-09 14:29:36,285 DEBUG    ___FILE_ONLY___ 
2022-11-09 14:29:36,286 DEBUG    ___FILE_ONLY___ 
2022-11-09 14:29:36,332 INFO     ___FILE_ONLY___ 
Update done!


2022-11-09 14:29:36,336 INFO     root            Display format: "none"
